<?xml version="1.0" encoding="UTF-8"?>
<testng-results skipped="0" failed="0" total="1" passed="1">
  <reporter-output>
  </reporter-output>
  <suite name="Default suite" duration-ms="62640" started-at="2020-02-28T18:42:48Z" finished-at="2020-02-28T18:43:51Z">
    <groups>
    </groups>
    <test name="Default test" duration-ms="62640" started-at="2020-02-28T18:42:48Z" finished-at="2020-02-28T18:43:51Z">
      <class name="com.Wetabe.CapturingCompleteWebtable">
        <test-method status="PASS" signature="setUp()[pri:0, instance:com.Wetabe.CapturingCompleteWebtable@1d384ee]" name="setUp" is-config="true" duration-ms="14201" started-at="2020-02-29T00:12:48Z" finished-at="2020-02-29T00:13:02Z">
          <reporter-output>
          </reporter-output>
        </test-method> <!-- setUp -->
        <test-method status="PASS" signature="capturingCompleteWebTableData()[pri:0, instance:com.Wetabe.CapturingCompleteWebtable@1d384ee]" name="capturingCompleteWebTableData" duration-ms="47417" started-at="2020-02-29T00:13:02Z" finished-at="2020-02-29T00:13:50Z">
          <reporter-output>
          </reporter-output>
        </test-method> <!-- capturingCompleteWebTableData -->
        <test-method status="PASS" signature="tearDown()[pri:0, instance:com.Wetabe.CapturingCompleteWebtable@1d384ee]" name="tearDown" is-config="true" duration-ms="980" started-at="2020-02-29T00:13:50Z" finished-at="2020-02-29T00:13:51Z">
          <reporter-output>
          </reporter-output>
        </test-method> <!-- tearDown -->
      </class> <!-- com.Wetabe.CapturingCompleteWebtable -->
    </test> <!-- Default test -->
  </suite> <!-- Default suite -->
</testng-results>
